<?xml version="1.0" encoding="UTF-8"?>
<!-- Generated by org.testng.reporters.JUnitReportReporter -->
<testsuite hostname="LAPTOP-244IHO30" failures="0" tests="1" name="restAssuredDemo.RestAssuredExcelDrivenTest" time="2.331" errors="0" timestamp="2023-02-15T23:48:28 IST" skipped="0">
  <testcase classname="restAssuredDemo.RestAssuredExcelDrivenTest" name="addBook" time="2.331"/>
  <system-out/>
</testsuite> <!-- restAssuredDemo.RestAssuredExcelDrivenTest -->
