<?xml version="1.0" encoding="UTF-8"?>
<!-- Generated by org.testng.reporters.JUnitReportReporter -->
<testsuite hostname="LAPTOP-244IHO30" failures="0" tests="1" name="restAssuredDemo.sumValidation" time="2.041" errors="0" timestamp="2023-01-23T19:30:27 IST" skipped="0">
  <testcase classname="restAssuredDemo.sumValidation" name="sumOfCourses" time="2.041"/>
  <system-out/>
</testsuite> <!-- restAssuredDemo.sumValidation -->
