<?xml version="1.0" encoding="UTF-8"?>
<!-- Generated by org.testng.reporters.JUnitReportReporter -->
<testsuite hostname="LAPTOP-244IHO30" failures="0" tests="3" name="restAssuredDemo.LibraryAPIDynamicJson" time="4.039" errors="0" timestamp="2023-02-15T20:38:43 IST" skipped="0">
  <testcase classname="restAssuredDemo.LibraryAPIDynamicJson" name="addBook" time="2.829"/>
  <system-out/>
  <testcase classname="restAssuredDemo.LibraryAPIDynamicJson" name="addBook" time="0.702"/>
  <system-out/>
  <testcase classname="restAssuredDemo.LibraryAPIDynamicJson" name="addBook" time="0.508"/>
  <system-out/>
</testsuite> <!-- restAssuredDemo.LibraryAPIDynamicJson -->
