<?xml version="1.0" encoding="UTF-8"?>
<!-- Generated by org.testng.reporters.JUnitReportReporter -->
<testsuite hostname="LAPTOP-244IHO30" failures="0" tests="3" name="restAssuredDemo.LibraryAPIDynamicJson" time="4.862" errors="0" timestamp="2023-01-25T09:01:27 IST" skipped="0">
  <testcase classname="restAssuredDemo.LibraryAPIDynamicJson" name="addBook" time="0.803"/>
  <system-out/>
  <testcase classname="restAssuredDemo.LibraryAPIDynamicJson" name="addBook" time="0.627"/>
  <system-out/>
  <testcase classname="restAssuredDemo.LibraryAPIDynamicJson" name="addBook" time="3.432"/>
  <system-out/>
</testsuite> <!-- restAssuredDemo.LibraryAPIDynamicJson -->
